#
# A fatal error has been detected by the Java Runtime Environment:
#
#  EXCEPTION_ACCESS_VIOLATION (0xc0000005) at pc=0x00007ffc07e7599d, pid=12040, tid=9012
#
# JRE version: OpenJDK Runtime Environment Temurin-17.0.13+11 (17.0.13+11) (build 17.0.13+11)
# Java VM: OpenJDK 64-Bit Server VM Temurin-17.0.13+11 (17.0.13+11, mixed mode, tiered, compressed oops, compressed class ptrs, parallel gc, windows-amd64)
# Problematic frame:
# V  [jvm.dll+0x26599d]
#
# No core dump will be written. Minidumps are not enabled by default on client versions of Windows
#
# If you would like to submit a bug report, please visit:
#   https://github.com/adoptium/adoptium-support/issues
#

---------------  S U M M A R Y ------------

Command Line: --add-modules=ALL-SYSTEM --add-opens=java.base/java.util=ALL-UNNAMED --add-opens=java.base/java.lang=ALL-UNNAMED --add-opens=java.base/sun.nio.fs=ALL-UNNAMED -Declipse.application=org.eclipse.jdt.ls.core.id1 -Dosgi.bundles.defaultStartLevel=4 -Declipse.product=org.eclipse.jdt.ls.core.product -Djava.import.generatesMetadataFilesAtProjectRoot=false -DDetectVMInstallationsJob.disabled=true -Dfile.encoding=utf8 -XX:+UseParallelGC -XX:GCTimeRatio=4 -XX:AdaptiveSizePolicyWeight=90 -Dsun.zip.disableMemoryMapping=true -Xmx1G -Xms100m -Xlog:disable -javaagent:c:\Users\User\.vscode\extensions\redhat.java-1.36.0-win32-x64\lombok\lombok-1.18.35.jar -XX:+HeapDumpOnOutOfMemoryError -XX:HeapDumpPath=c:\Users\User\AppData\Roaming\Code\User\workspaceStorage\70c2d60812f04139b52a067c0d973b6f\redhat.java -Daether.dependencyCollector.impl=bf c:\Users\User\.vscode\extensions\redhat.java-1.36.0-win32-x64\server\plugins\org.eclipse.equinox.launcher_1.6.900.v20240613-2009.jar -configuration c:\Users\User\AppData\Roaming\Code\User\globalStorage\redhat.java\1.36.0\config_win -data c:\Users\User\AppData\Roaming\Code\User\workspaceStorage\70c2d60812f04139b52a067c0d973b6f\redhat.java\jdt_ws --pipe=\\.\pipe\lsp-35842eb9efc8fd3d95e192352304f2a1-sock

Host: Intel(R) Pentium(R) Silver N5000 CPU @ 1.10GHz, 4 cores, 3G,  Windows 10 , 64 bit Build 19041 (10.0.19041.4957)
Time: Fri Nov  8 20:33:21 2024 SA Pacific Standard Time elapsed time: 19.270861 seconds (0d 0h 0m 19s)

---------------  T H R E A D  ---------------

Current thread (0x000002881edf9f70):  JavaThread "C2 CompilerThread0" daemon [_thread_in_native, id=9012, stack(0x000000c1cb000000,0x000000c1cb100000)]


Current CompileTask:
C2:  19271 1563       4       org.eclipse.osgi.util.ManifestElement::readLine (122 bytes)

Stack: [0x000000c1cb000000,0x000000c1cb100000],  sp=0x000000c1cb0fbcb0,  free space=1007k
Native frames: (J=compiled Java code, j=interpreted, Vv=VM code, C=native code)
V  [jvm.dll+0x26599d]
V  [jvm.dll+0x60e6a8]
V  [jvm.dll+0x60e66f]
V  [jvm.dll+0x60e66f]
V  [jvm.dll+0x60e66f]
V  [jvm.dll+0x613d5c]
V  [jvm.dll+0x614c5c]
V  [jvm.dll+0x61312c]
V  [jvm.dll+0x217ece]
V  [jvm.dll+0x21748f]
V  [jvm.dll+0x1a3070]
V  [jvm.dll+0x22788c]
V  [jvm.dll+0x2259eb]
V  [jvm.dll+0x7eec98]
V  [jvm.dll+0x7e8ffc]
V  [jvm.dll+0x6818f7]
C  [ucrtbase.dll+0x21bb2]
C  [KERNEL32.DLL+0x17374]
C  [ntdll.dll+0x4cc91]


siginfo: EXCEPTION_ACCESS_VIOLATION (0xc0000005), reading address 0x0000000000000002


Registers:
RAX=0x0000000000000001, RBX=0x0000000000000002, RCX=0x0000000000000000, RDX=0x0000000000000002
RSP=0x000000c1cb0fbcb0, RBP=0x00000288248ca140, RSI=0x000002882487c2a0, RDI=0x00007ffc07c10000
R8 =0x000002882480aa08, R9 =0x00007ffc07e6e736, R10=0x0000000000000030, R11=0x000002882480aa10
R12=0x0000000000000001, R13=0x0000000000000001, R14=0x000002882480aa08, R15=0x00000288242dc630
RIP=0x00007ffc07e7599d, EFLAGS=0x0000000000010246


Register to memory mapping:

RIP=0x00007ffc07e7599d jvm.dll
RAX=0x0000000000000001 is an unknown value
RBX=0x0000000000000002 is an unknown value
RCX=0x0 is NULL
RDX=0x0000000000000002 is an unknown value
RSP=0x000000c1cb0fbcb0 is pointing into the stack for thread: 0x000002881edf9f70
RBP=0x00000288248ca140 points into unknown readable memory: 0x00007ffc0852cd38 | 38 cd 52 08 fc 7f 00 00
RSI=0x000002882487c2a0 points into unknown readable memory: 0x00007ffc0853a268 | 68 a2 53 08 fc 7f 00 00
RDI=0x00007ffc07c10000 jvm.dll
R8 =0x000002882480aa08 points into unknown readable memory: 0x00007ffc085ae918 | 18 e9 5a 08 fc 7f 00 00
R9 =0x00007ffc07e6e736 jvm.dll
R10=0x0000000000000030 is an unknown value
R11=0x000002882480aa10 points into unknown readable memory: 0x000002882480aa58 | 58 aa 80 24 88 02 00 00
R12=0x0000000000000001 is an unknown value
R13=0x0000000000000001 is an unknown value
R14=0x000002882480aa08 points into unknown readable memory: 0x00007ffc085ae918 | 18 e9 5a 08 fc 7f 00 00
R15=0x00000288242dc630 points into unknown readable memory: 0x00007ffc085307a8 | a8 07 53 08 fc 7f 00 00


Top of Stack: (sp=0x000000c1cb0fbcb0)
0x000000c1cb0fbcb0:   0000000000007fd8 00007ffc07cbd4cc
0x000000c1cb0fbcc0:   00000288247bd4c8 000000c1cb0fcd48
0x000000c1cb0fbcd0:   00000288242dc630 000002882480aa34
0x000000c1cb0fbce0:   000002882487c2a0 00007ffc0821e6a8
0x000000c1cb0fbcf0:   000002882480aa08 00000288248ca140
0x000000c1cb0fbd00:   0000028824809668 00007ffc0840bf3f
0x000000c1cb0fbd10:   00000288247bd4c8 00007ffc0840ba8b
0x000000c1cb0fbd20:   0000000200000001 0000000000000008
0x000000c1cb0fbd30:   0000000000000002 0000000000000001
0x000000c1cb0fbd40:   00000288243fa9c0 00000288248caa78
0x000000c1cb0fbd50:   000000c1cb0fc3c0 00000288248ca140
0x000000c1cb0fbd60:   00000288242dc630 00007ffc0821e66f
0x000000c1cb0fbd70:   000000c1cb0fc3c0 0000000000000000
0x000000c1cb0fbd80:   00000288243fa9c0 00000288248ca140
0x000000c1cb0fbd90:   000000c1cb0fbfa8 0000000000000000
0x000000c1cb0fbda0:   0000000400000001 0000000000000010
0x000000c1cb0fbdb0:   0000000000000002 0000000000000000
0x000000c1cb0fbdc0:   00000288243fa2b0 00000288248caa00
0x000000c1cb0fbdd0:   000000c1cb0fc3c0 00000288248ca140
0x000000c1cb0fbde0:   00000288248caa78 00007ffc0821e66f
0x000000c1cb0fbdf0:   000000c1cb0fc3c0 0000000000000000
0x000000c1cb0fbe00:   00000288243fa2b0 00000288248ca140
0x000000c1cb0fbe10:   000000c1cb0fbfa8 0000000000000000
0x000000c1cb0fbe20:   0000000400000001 0000000000000010
0x000000c1cb0fbe30:   0000000000000002 0000000000000000
0x000000c1cb0fbe40:   00000288243f9ba0 00000288242e8e40
0x000000c1cb0fbe50:   000000c1cb0fc3c0 00000288248ca140
0x000000c1cb0fbe60:   00000288248caa00 00007ffc0821e66f
0x000000c1cb0fbe70:   000000c1cb0fc3c0 0000000000000000
0x000000c1cb0fbe80:   00000288243f9ba0 00000288248ca140
0x000000c1cb0fbe90:   000000c1cb0fbfa8 000000c1cb0fc3c0
0x000000c1cb0fbea0:   0000000300000001 0000000000000010 

Instructions: (pc=0x00007ffc07e7599d)
0x00007ffc07e7589d:   48 8b 81 00 07 00 00 48 85 c0 0f 84 b9 00 00 00
0x00007ffc07e758ad:   f6 80 9a 05 00 00 01 0f 84 ac 00 00 00 49 8b 00
0x00007ffc07e758bd:   49 8b ce ff 50 28 48 8b 48 18 e8 24 53 59 00 83
0x00007ffc07e758cd:   f8 07 0f 85 91 00 00 00 48 8b 86 00 07 00 00 8b
0x00007ffc07e758dd:   80 f4 01 00 00 83 c0 64 89 86 f4 01 00 00 83 c0
0x00007ffc07e758ed:   64 c7 86 9a 05 00 00 9f 03 b5 02 89 86 f8 01 00
0x00007ffc07e758fd:   00 b0 01 e9 98 00 00 00 48 8b 81 00 07 00 00 48
0x00007ffc07e7590d:   85 c0 74 55 f6 80 9a 05 00 00 01 74 4c 49 8b 00
0x00007ffc07e7591d:   49 8b ce ff 50 28 48 8b 48 18 e8 c4 52 59 00 83
0x00007ffc07e7592d:   f8 06 75 35 48 8b 86 00 07 00 00 8b 80 f4 01 00
0x00007ffc07e7593d:   00 83 c0 64 89 86 f4 01 00 00 83 c0 64 c7 86 9a
0x00007ffc07e7594d:   05 00 00 a1 03 b5 02 89 86 f8 01 00 00 b0 01 eb
0x00007ffc07e7595d:   3f 49 8b d6 e8 1a ce 02 00 b0 01 eb 33 48 8b 0d
0x00007ffc07e7596d:   8f f5 93 00 48 8d 15 10 82 6e 00 e8 f3 f2 41 00
0x00007ffc07e7597d:   4c 8b 8c df f0 46 b3 00 48 8d 15 1c 82 6e 00 48
0x00007ffc07e7598d:   8b 0d 6d f5 93 00 44 8b c3 e8 d5 f2 41 00 32 c0
0x00007ffc07e7599d:   48 8b 5c 24 40 48 8b 6c 24 48 48 8b 74 24 50 48
0x00007ffc07e759ad:   83 c4 20 41 5f 41 5e 5f c3 66 90 36 e7 25 00 5d
0x00007ffc07e759bd:   e7 25 00 bb e7 25 00 5a e8 25 00 96 e8 25 00 d2
0x00007ffc07e759cd:   e8 25 00 6a 59 26 00 21 e9 25 00 4c e9 25 00 61
0x00007ffc07e759dd:   e9 25 00 9b e9 25 00 b0 e9 25 00 c8 e9 25 00 15
0x00007ffc07e759ed:   ea 25 00 6a 59 26 00 2f ea 25 00 3e ea 25 00 4d
0x00007ffc07e759fd:   ea 25 00 e0 ea 25 00 61 eb 25 00 70 eb 25 00 7f
0x00007ffc07e75a0d:   eb 25 00 8e eb 25 00 9d eb 25 00 6a 59 26 00 6a
0x00007ffc07e75a1d:   59 26 00 ac eb 25 00 bb eb 25 00 6a 59 26 00 ca
0x00007ffc07e75a2d:   eb 25 00 6a 59 26 00 d9 eb 25 00 6a 59 26 00 e8
0x00007ffc07e75a3d:   eb 25 00 6a 59 26 00 54 ec 25 00 cc ec 25 00 4d
0x00007ffc07e75a4d:   ed 25 00 c5 ed 25 00 6a 59 26 00 3d ee 25 00 82
0x00007ffc07e75a5d:   ee 25 00 a5 ee 25 00 c8 ee 25 00 6a 59 26 00 de
0x00007ffc07e75a6d:   ee 25 00 f4 ee 25 00 0a ef 25 00 20 ef 25 00 36
0x00007ffc07e75a7d:   ef 25 00 4c ef 25 00 62 ef 25 00 c6 ef 25 00 2a
0x00007ffc07e75a8d:   f0 25 00 9f f0 25 00 1d f1 25 00 d2 f1 25 00 ad 


Stack slot to memory mapping:
stack at sp + 0 slots: 0x0000000000007fd8 is an unknown value
stack at sp + 1 slots: 0x00007ffc07cbd4cc jvm.dll
stack at sp + 2 slots: 0x00000288247bd4c8 points into unknown readable memory: 0x00007ffc085e1280 | 80 12 5e 08 fc 7f 00 00
stack at sp + 3 slots: 0x000000c1cb0fcd48 is pointing into the stack for thread: 0x000002881edf9f70
stack at sp + 4 slots: 0x00000288242dc630 points into unknown readable memory: 0x00007ffc085307a8 | a8 07 53 08 fc 7f 00 00
stack at sp + 5 slots: 0x000002882480aa34 points into unknown readable memory: 30 00 00 00
stack at sp + 6 slots: 0x000002882487c2a0 points into unknown readable memory: 0x00007ffc0853a268 | 68 a2 53 08 fc 7f 00 00
stack at sp + 7 slots: 0x00007ffc0821e6a8 jvm.dll


---------------  P R O C E S S  ---------------

Threads class SMR info:
_java_thread_list=0x0000028824bc6430, length=16, elements={
0x000002880af7f000, 0x000002880b03a150, 0x000002880b03b680, 0x000002881eded150,
0x000002881ededee0, 0x000002881edef410, 0x000002881edf5320, 0x000002881edf9f70,
0x000002881edfccf0, 0x0000028824000040, 0x0000028824107d80, 0x000002882431dac0,
0x0000028824468b60, 0x000002882446a9c0, 0x0000028824469070, 0x00000288249bdc10
}

Java Threads: ( => current thread )
  0x000002880af7f000 JavaThread "main" [_thread_in_Java, id=6644, stack(0x000000c1ca700000,0x000000c1ca800000)]
  0x000002880b03a150 JavaThread "Reference Handler" daemon [_thread_blocked, id=14016, stack(0x000000c1caa00000,0x000000c1cab00000)]
  0x000002880b03b680 JavaThread "Finalizer" daemon [_thread_blocked, id=12880, stack(0x000000c1cab00000,0x000000c1cac00000)]
  0x000002881eded150 JavaThread "Signal Dispatcher" daemon [_thread_blocked, id=8976, stack(0x000000c1cac00000,0x000000c1cad00000)]
  0x000002881ededee0 JavaThread "Attach Listener" daemon [_thread_blocked, id=1528, stack(0x000000c1cad00000,0x000000c1cae00000)]
  0x000002881edef410 JavaThread "Service Thread" daemon [_thread_blocked, id=9712, stack(0x000000c1cae00000,0x000000c1caf00000)]
  0x000002881edf5320 JavaThread "Monitor Deflation Thread" daemon [_thread_blocked, id=2296, stack(0x000000c1caf00000,0x000000c1cb000000)]
=>0x000002881edf9f70 JavaThread "C2 CompilerThread0" daemon [_thread_in_native, id=9012, stack(0x000000c1cb000000,0x000000c1cb100000)]
  0x000002881edfccf0 JavaThread "C1 CompilerThread0" daemon [_thread_in_vm, id=4328, stack(0x000000c1cb100000,0x000000c1cb200000)]
  0x0000028824000040 JavaThread "Sweeper thread" daemon [_thread_blocked, id=4452, stack(0x000000c1cb200000,0x000000c1cb300000)]
  0x0000028824107d80 JavaThread "Common-Cleaner" daemon [_thread_blocked, id=3272, stack(0x000000c1cb300000,0x000000c1cb400000)]
  0x000002882431dac0 JavaThread "Notification Thread" daemon [_thread_blocked, id=11440, stack(0x000000c1cb400000,0x000000c1cb500000)]
  0x0000028824468b60 JavaThread "Active Thread: Equinox Container: a55ecbe6-3736-4936-8807-9a580155b1e3" [_thread_blocked, id=4652, stack(0x000000c1cbd00000,0x000000c1cbe00000)]
  0x000002882446a9c0 JavaThread "Framework Event Dispatcher: Equinox Container: a55ecbe6-3736-4936-8807-9a580155b1e3" daemon [_thread_blocked, id=5268, stack(0x000000c1cb900000,0x000000c1cba00000)]
  0x0000028824469070 JavaThread "Start Level: Equinox Container: a55ecbe6-3736-4936-8807-9a580155b1e3" daemon [_thread_blocked, id=7036, stack(0x000000c1cba00000,0x000000c1cbb00000)]
  0x00000288249bdc10 JavaThread "C2 CompilerThread1" daemon [_thread_blocked, id=4792, stack(0x000000c1cbb00000,0x000000c1cbc00000)]

Other Threads:
  0x000002880b036b30 VMThread "VM Thread" [stack: 0x000000c1ca900000,0x000000c1caa00000] [id=9936]
  0x000002882431dfa0 WatcherThread [stack: 0x000000c1cb500000,0x000000c1cb600000] [id=13404]
  0x000002880af98060 GCTaskThread "GC Thread#0" [stack: 0x000000c1ca800000,0x000000c1ca900000] [id=9516]
  0x00000288244a27b0 GCTaskThread "GC Thread#1" [stack: 0x000000c1cb600000,0x000000c1cb700000] [id=7072]
  0x00000288245f4040 GCTaskThread "GC Thread#2" [stack: 0x000000c1cb700000,0x000000c1cb800000] [id=1428]
  0x000002882474b760 GCTaskThread "GC Thread#3" [stack: 0x000000c1cb800000,0x000000c1cb900000] [id=1832]

Threads with active compile tasks:
C2 CompilerThread0    19359 1563       4       org.eclipse.osgi.util.ManifestElement::readLine (122 bytes)
C1 CompilerThread0    19359 1611       3       org.eclipse.osgi.container.builders.OSGiManifestBuilderFactory::checkForDuplicateDirectivesAttributes (237 bytes)

VM state: not at safepoint (normal execution)

VM Mutex/Monitor currently owned by a thread: None

Heap address: 0x00000000c0000000, size: 1024 MB, Compressed Oops mode: 32-bit

CDS archive(s) not mapped
Compressed class space mapped at: 0x0000000100000000-0x0000000140000000, reserved size: 1073741824
Narrow klass base: 0x0000000000000000, Narrow klass shift: 3, Narrow klass range: 0x140000000

GC Precious Log:
 CPUs: 4 total, 4 available
 Memory: 3927M
 Large Page Support: Disabled
 NUMA Support: Disabled
 Compressed Oops: Enabled (32-bit)
 Alignments: Space 512K, Generation 512K, Heap 2M
 Heap Min Capacity: 100M
 Heap Initial Capacity: 100M
 Heap Max Capacity: 1G
 Pre-touch: Disabled
 Parallel Workers: 4

Heap:
 PSYoungGen      total 29696K, used 9515K [0x00000000eab00000, 0x00000000ecc00000, 0x0000000100000000)
  eden space 25600K, 21% used [0x00000000eab00000,0x00000000eb04e010,0x00000000ec400000)
  from space 4096K, 99% used [0x00000000ec800000,0x00000000ecbfcdf8,0x00000000ecc00000)
  to   space 4096K, 0% used [0x00000000ec400000,0x00000000ec400000,0x00000000ec800000)
 ParOldGen       total 68608K, used 800K [0x00000000c0000000, 0x00000000c4300000, 0x00000000eab00000)
  object space 68608K, 1% used [0x00000000c0000000,0x00000000c00c8360,0x00000000c4300000)
 Metaspace       used 14297K, committed 14464K, reserved 1114112K
  class space    used 1421K, committed 1472K, reserved 1048576K

Card table byte_map: [0x000002880a920000,0x000002880ab30000] _byte_map_base: 0x000002880a320000

Marking Bits: (ParMarkBitMap*) 0x00007ffc087b6940
 Begin Bits: [0x000002881cc20000, 0x000002881dc20000)
 End Bits:   [0x000002881dc20000, 0x000002881ec20000)

Polling page: 0x00000288090d0000

Metaspace:

Usage:
  Non-class:     12.57 MB used.
      Class:      1.39 MB used.
       Both:     13.96 MB used.

Virtual space:
  Non-class space:       64.00 MB reserved,      12.69 MB ( 20%) committed,  1 nodes.
      Class space:        1.00 GB reserved,       1.44 MB ( <1%) committed,  1 nodes.
             Both:        1.06 GB reserved,      14.12 MB (  1%) committed. 

Chunk freelists:
   Non-Class:  3.05 MB
       Class:  14.45 MB
        Both:  17.50 MB

MaxMetaspaceSize: unlimited
CompressedClassSpaceSize: 1.00 GB
Initial GC threshold: 21.00 MB
Current GC threshold: 21.00 MB
CDS: off
MetaspaceReclaimPolicy: balanced
 - commit_granule_bytes: 65536.
 - commit_granule_words: 8192.
 - virtual_space_node_default_size: 8388608.
 - enlarge_chunks_in_place: 1.
 - new_chunks_are_fully_committed: 0.
 - uncommit_free_chunks: 1.
 - use_allocation_guard: 0.
 - handle_deallocations: 1.


Internal statistics:

num_allocs_failed_limit: 0.
num_arena_births: 52.
num_arena_deaths: 0.
num_vsnodes_births: 2.
num_vsnodes_deaths: 0.
num_space_committed: 226.
num_space_uncommitted: 0.
num_chunks_returned_to_freelist: 0.
num_chunks_taken_from_freelist: 232.
num_chunk_merges: 0.
num_chunk_splits: 157.
num_chunks_enlarged: 122.
num_inconsistent_stats: 0.

CodeHeap 'non-profiled nmethods': size=120000Kb used=659Kb max_used=659Kb free=119340Kb
 bounds [0x00000288156f0000, 0x0000028815960000, 0x000002881cc20000]
CodeHeap 'profiled nmethods': size=120000Kb used=3067Kb max_used=3067Kb free=116932Kb
 bounds [0x000002880dc20000, 0x000002880df20000, 0x0000028815150000]
CodeHeap 'non-nmethods': size=5760Kb used=1149Kb max_used=1169Kb free=4610Kb
 bounds [0x0000028815150000, 0x00000288153c0000, 0x00000288156f0000]
 total_blobs=2055 nmethods=1609 adapters=362
 compilation: enabled
              stopped_count=0, restarted_count=0
 full_count=0

Compilation events (20 events):
Event: 19.214 Thread 0x000002881edf9f70 nmethod 1524 0x0000028815791590 code [0x0000028815791700, 0x00000288157917d8]
Event: 19.215 Thread 0x000002881edfccf0 1556       3       java.nio.ByteBuffer::arrayOffset (35 bytes)
Event: 19.216 Thread 0x000002881edfccf0 nmethod 1556 0x000002880df01a90 code [0x000002880df01c60, 0x000002880df01f18]
Event: 19.216 Thread 0x000002881edf9f70 1557       4       java.lang.StringBuilder::<init> (7 bytes)
Event: 19.217 Thread 0x000002881edfccf0 1558       3       org.eclipse.osgi.framework.eventmgr.CopyOnWriteIdentityMap::entrySet (15 bytes)
Event: 19.218 Thread 0x000002881edfccf0 nmethod 1558 0x000002880df02010 code [0x000002880df021e0, 0x000002880df02678]
Event: 19.218 Thread 0x000002881edfccf0 1559       3       org.eclipse.osgi.framework.eventmgr.CopyOnWriteIdentityMap$Snapshot::<init> (10 bytes)
Event: 19.218 Thread 0x000002881edfccf0 nmethod 1559 0x000002880df02890 code [0x000002880df02a20, 0x000002880df02bb8]
Event: 19.218 Thread 0x000002881edf9f70 nmethod 1557 0x0000028815791910 code [0x0000028815791aa0, 0x0000028815791bb8]
Event: 19.222 Thread 0x000002881edfccf0 1560       3       jdk.internal.misc.Unsafe::weakCompareAndSetInt (11 bytes)
Event: 19.222 Thread 0x000002881edfccf0 nmethod 1560 0x000002880df02c90 code [0x000002880df02e20, 0x000002880df02f58]
Event: 19.223 Thread 0x000002881edfccf0 1561       3       jdk.internal.misc.Unsafe::getAndAddInt (27 bytes)
Event: 19.223 Thread 0x000002881edfccf0 nmethod 1561 0x000002880df03010 code [0x000002880df031c0, 0x000002880df03408]
Event: 19.227 Thread 0x000002881edfccf0 1562       3       java.nio.Buffer::hasRemaining (17 bytes)
Event: 19.228 Thread 0x000002881edfccf0 nmethod 1562 0x000002880df03510 code [0x000002880df036a0, 0x000002880df03818]
Event: 19.228 Thread 0x000002881edf9f70 1563       4       org.eclipse.osgi.util.ManifestElement::readLine (122 bytes)
Event: 19.235 Thread 0x000002881edfccf0 1564       3       java.lang.Math::abs (13 bytes)
Event: 19.236 Thread 0x000002881edfccf0 nmethod 1564 0x000002880df03890 code [0x000002880df03a20, 0x000002880df03b98]
Event: 19.239 Thread 0x000002881edfccf0 1565       3       java.lang.Thread::getContextClassLoader (32 bytes)
Event: 19.240 Thread 0x000002881edfccf0 nmethod 1565 0x000002880df03c10 code [0x000002880df03e40, 0x000002880df047b8]

GC Heap History (4 events):
Event: 4.748 GC heap before
{Heap before GC invocations=1 (full 0):
 PSYoungGen      total 29696K, used 25600K [0x00000000eab00000, 0x00000000ecc00000, 0x0000000100000000)
  eden space 25600K, 100% used [0x00000000eab00000,0x00000000ec400000,0x00000000ec400000)
  from space 4096K, 0% used [0x00000000ec800000,0x00000000ec800000,0x00000000ecc00000)
  to   space 4096K, 0% used [0x00000000ec400000,0x00000000ec400000,0x00000000ec800000)
 ParOldGen       total 68608K, used 0K [0x00000000c0000000, 0x00000000c4300000, 0x00000000eab00000)
  object space 68608K, 0% used [0x00000000c0000000,0x00000000c0000000,0x00000000c4300000)
 Metaspace       used 11047K, committed 11200K, reserved 1114112K
  class space    used 1102K, committed 1152K, reserved 1048576K
}
Event: 4.766 GC heap after
{Heap after GC invocations=1 (full 0):
 PSYoungGen      total 29696K, used 3165K [0x00000000eab00000, 0x00000000ecc00000, 0x0000000100000000)
  eden space 25600K, 0% used [0x00000000eab00000,0x00000000eab00000,0x00000000ec400000)
  from space 4096K, 77% used [0x00000000ec400000,0x00000000ec7177a8,0x00000000ec800000)
  to   space 4096K, 0% used [0x00000000ec800000,0x00000000ec800000,0x00000000ecc00000)
 ParOldGen       total 68608K, used 8K [0x00000000c0000000, 0x00000000c4300000, 0x00000000eab00000)
  object space 68608K, 0% used [0x00000000c0000000,0x00000000c0002000,0x00000000c4300000)
 Metaspace       used 11047K, committed 11200K, reserved 1114112K
  class space    used 1102K, committed 1152K, reserved 1048576K
}
Event: 19.111 GC heap before
{Heap before GC invocations=2 (full 0):
 PSYoungGen      total 29696K, used 28765K [0x00000000eab00000, 0x00000000ecc00000, 0x0000000100000000)
  eden space 25600K, 100% used [0x00000000eab00000,0x00000000ec400000,0x00000000ec400000)
  from space 4096K, 77% used [0x00000000ec400000,0x00000000ec7177a8,0x00000000ec800000)
  to   space 4096K, 0% used [0x00000000ec800000,0x00000000ec800000,0x00000000ecc00000)
 ParOldGen       total 68608K, used 8K [0x00000000c0000000, 0x00000000c4300000, 0x00000000eab00000)
  object space 68608K, 0% used [0x00000000c0000000,0x00000000c0002000,0x00000000c4300000)
 Metaspace       used 14247K, committed 14400K, reserved 1114112K
  class space    used 1421K, committed 1472K, reserved 1048576K
}
Event: 19.123 GC heap after
{Heap after GC invocations=2 (full 0):
 PSYoungGen      total 29696K, used 4083K [0x00000000eab00000, 0x00000000ecc00000, 0x0000000100000000)
  eden space 25600K, 0% used [0x00000000eab00000,0x00000000eab00000,0x00000000ec400000)
  from space 4096K, 99% used [0x00000000ec800000,0x00000000ecbfcdf8,0x00000000ecc00000)
  to   space 4096K, 0% used [0x00000000ec400000,0x00000000ec400000,0x00000000ec800000)
 ParOldGen       total 68608K, used 800K [0x00000000c0000000, 0x00000000c4300000, 0x00000000eab00000)
  object space 68608K, 1% used [0x00000000c0000000,0x00000000c00c8360,0x00000000c4300000)
 Metaspace       used 14247K, committed 14400K, reserved 1114112K
  class space    used 1421K, committed 1472K, reserved 1048576K
}

Dll operation events (8 events):
Event: 0.129 Loaded shared library c:\Users\User\.vscode\extensions\redhat.java-1.36.0-win32-x64\jre\17.0.13-win32-x86_64\bin\java.dll
Event: 0.549 Loaded shared library c:\Users\User\.vscode\extensions\redhat.java-1.36.0-win32-x64\jre\17.0.13-win32-x86_64\bin\zip.dll
Event: 0.561 Loaded shared library C:\Users\User\.vscode\extensions\redhat.java-1.36.0-win32-x64\jre\17.0.13-win32-x86_64\bin\instrument.dll
Event: 0.610 Loaded shared library C:\Users\User\.vscode\extensions\redhat.java-1.36.0-win32-x64\jre\17.0.13-win32-x86_64\bin\net.dll
Event: 0.636 Loaded shared library C:\Users\User\.vscode\extensions\redhat.java-1.36.0-win32-x64\jre\17.0.13-win32-x86_64\bin\nio.dll
Event: 0.656 Loaded shared library C:\Users\User\.vscode\extensions\redhat.java-1.36.0-win32-x64\jre\17.0.13-win32-x86_64\bin\zip.dll
Event: 0.737 Loaded shared library C:\Users\User\.vscode\extensions\redhat.java-1.36.0-win32-x64\jre\17.0.13-win32-x86_64\bin\jimage.dll
Event: 1.037 Loaded shared library c:\Users\User\.vscode\extensions\redhat.java-1.36.0-win32-x64\jre\17.0.13-win32-x86_64\bin\verify.dll

Deoptimization events (20 events):
Event: 5.856 Thread 0x000002880af7f000 Uncommon trap: trap_request=0xffffff45 fr.pc=0x000002881572adcc relative=0x000000000000048c
Event: 5.856 Thread 0x000002880af7f000 Uncommon trap: reason=unstable_if action=reinterpret pc=0x000002881572adcc method=java.util.HashMap$HashIterator.<init>(Ljava/util/HashMap;)V @ 45 c2
Event: 5.856 Thread 0x000002880af7f000 DEOPT PACKING pc=0x000002881572adcc sp=0x000000c1ca7fe520
Event: 5.856 Thread 0x000002880af7f000 DEOPT UNPACKING pc=0x00000288151a669d sp=0x000000c1ca7fe390 mode 2
Event: 6.318 Thread 0x000002880af7f000 Uncommon trap: trap_request=0xffffffde fr.pc=0x00000288156fec14 relative=0x0000000000000414
Event: 6.318 Thread 0x000002880af7f000 Uncommon trap: reason=class_check action=maybe_recompile pc=0x00000288156fec14 method=java.util.HashMap.putVal(ILjava/lang/Object;Ljava/lang/Object;ZZ)Ljava/lang/Object; @ 253 c2
Event: 6.318 Thread 0x000002880af7f000 DEOPT PACKING pc=0x00000288156fec14 sp=0x000000c1ca7fe100
Event: 6.318 Thread 0x000002880af7f000 DEOPT UNPACKING pc=0x00000288151a669d sp=0x000000c1ca7fe070 mode 2
Event: 6.323 Thread 0x000002880af7f000 Uncommon trap: trap_request=0xffffffde fr.pc=0x00000288156fec14 relative=0x0000000000000414
Event: 6.323 Thread 0x000002880af7f000 Uncommon trap: reason=class_check action=maybe_recompile pc=0x00000288156fec14 method=java.util.HashMap.putVal(ILjava/lang/Object;Ljava/lang/Object;ZZ)Ljava/lang/Object; @ 253 c2
Event: 6.323 Thread 0x000002880af7f000 DEOPT PACKING pc=0x00000288156fec14 sp=0x000000c1ca7fe100
Event: 6.323 Thread 0x000002880af7f000 DEOPT UNPACKING pc=0x00000288151a669d sp=0x000000c1ca7fe070 mode 2
Event: 12.284 Thread 0x000002880af7f000 DEOPT PACKING pc=0x000002880dd6a738 sp=0x000000c1ca7fe650
Event: 12.284 Thread 0x000002880af7f000 DEOPT UNPACKING pc=0x00000288151a6e24 sp=0x000000c1ca7fdaf0 mode 0
Event: 18.773 Thread 0x000002880af7f000 Uncommon trap: trap_request=0xffffff45 fr.pc=0x00000288157178b8 relative=0x0000000000000298
Event: 18.773 Thread 0x000002880af7f000 Uncommon trap: reason=unstable_if action=reinterpret pc=0x00000288157178b8 method=java.util.HashMap$HashIterator.<init>(Ljava/util/HashMap;)V @ 45 c2
Event: 18.773 Thread 0x000002880af7f000 DEOPT PACKING pc=0x00000288157178b8 sp=0x000000c1ca7fe620
Event: 18.773 Thread 0x000002880af7f000 DEOPT UNPACKING pc=0x00000288151a669d sp=0x000000c1ca7fe5b8 mode 2
Event: 19.229 Thread 0x000002880af7f000 DEOPT PACKING pc=0x000002880deda228 sp=0x000000c1ca7fe550
Event: 19.229 Thread 0x000002880af7f000 DEOPT UNPACKING pc=0x00000288151a6e24 sp=0x000000c1ca7fda30 mode 0

Classes loaded (20 events):
Event: 6.176 Loading class java/util/concurrent/ForkJoinPool$1
Event: 6.177 Loading class java/util/concurrent/ForkJoinPool$1 done
Event: 6.177 Loading class java/util/concurrent/ForkJoinPool$DefaultCommonPoolForkJoinWorkerThreadFactory
Event: 6.177 Loading class java/util/concurrent/ForkJoinPool$DefaultCommonPoolForkJoinWorkerThreadFactory done
Event: 6.177 Loading class java/util/concurrent/ForkJoinPool$WorkQueue
Event: 6.178 Loading class java/util/concurrent/ForkJoinPool$WorkQueue done
Event: 6.178 Loading class java/util/concurrent/ForkJoinWorkerThread
Event: 6.178 Loading class java/util/concurrent/ForkJoinWorkerThread done
Event: 6.321 Loading class java/util/ConcurrentModificationException
Event: 6.322 Loading class java/util/ConcurrentModificationException done
Event: 6.338 Loading class java/net/ContentHandlerFactory
Event: 6.338 Loading class java/net/ContentHandlerFactory done
Event: 6.348 Loading class java/net/ContentHandler
Event: 6.349 Loading class java/net/ContentHandler done
Event: 6.367 Loading class javax/xml/parsers/ParserConfigurationException
Event: 6.367 Loading class javax/xml/parsers/ParserConfigurationException done
Event: 6.372 Loading class java/security/KeyStoreException
Event: 6.372 Loading class java/security/KeyStoreException done
Event: 18.789 Loading class java/util/MissingResourceException
Event: 18.804 Loading class java/util/MissingResourceException done

Classes unloaded (0 events):
No events

Classes redefined (0 events):
No events

Internal exceptions (20 events):
Event: 2.796 Thread 0x000002880af7f000 Exception <a 'sun/nio/fs/WindowsException'{0x00000000eb8fb540}> (0x00000000eb8fb540) 
thrown [s\src\hotspot\share\prims\jni.cpp, line 516]
Event: 2.800 Thread 0x000002880af7f000 Exception <a 'sun/nio/fs/WindowsException'{0x00000000eb905980}> (0x00000000eb905980) 
thrown [s\src\hotspot\share\prims\jni.cpp, line 516]
Event: 2.801 Thread 0x000002880af7f000 Exception <a 'sun/nio/fs/WindowsException'{0x00000000eb908e58}> (0x00000000eb908e58) 
thrown [s\src\hotspot\share\prims\jni.cpp, line 516]
Event: 2.801 Thread 0x000002880af7f000 Exception <a 'sun/nio/fs/WindowsException'{0x00000000eb9095c8}> (0x00000000eb9095c8) 
thrown [s\src\hotspot\share\prims\jni.cpp, line 516]
Event: 4.373 Thread 0x000002880af7f000 Exception <a 'java/lang/ClassNotFoundException'{0x00000000ec13bf38}: sun/net/www/protocol/c/Handler> (0x00000000ec13bf38) 
thrown [s\src\hotspot\share\classfile\systemDictionary.cpp, line 256]
Event: 4.379 Thread 0x000002880af7f000 Exception <a 'java/lang/ClassNotFoundException'{0x00000000ec13d298}: sun/net/www/protocol/c/Handler> (0x00000000ec13d298) 
thrown [s\src\hotspot\share\classfile\systemDictionary.cpp, line 256]
Event: 4.380 Thread 0x000002880af7f000 Exception <a 'java/lang/ClassNotFoundException'{0x00000000ec13e438}: sun/net/www/protocol/c/Handler> (0x00000000ec13e438) 
thrown [s\src\hotspot\share\classfile\systemDictionary.cpp, line 256]
Event: 4.427 Thread 0x000002880af7f000 Exception <a 'java/io/FileNotFoundException'{0x00000000ec165658}> (0x00000000ec165658) 
thrown [s\src\hotspot\share\prims\jni.cpp, line 516]
Event: 4.598 Thread 0x000002880af7f000 Implicit null exception at 0x0000028815736edb to 0x00000288157378a0
Event: 4.599 Thread 0x000002880af7f000 Implicit null exception at 0x000002881574246c to 0x0000028815742644
Event: 4.599 Thread 0x000002880af7f000 Implicit null exception at 0x000002881574356c to 0x000002881574373c
Event: 4.599 Thread 0x000002880af7f000 Implicit null exception at 0x000002881573938f to 0x0000028815739405
Event: 4.795 Thread 0x000002880af7f000 Exception <a 'java/lang/NoSuchMethodError'{0x00000000eab4a5a8}: 'int java.lang.invoke.DirectMethodHandle$Holder.invokeStaticInit(java.lang.Object, java.lang.Object, java.lang.Object, java.lang.Object)'> (0x00000000eab4a5a8) 
thrown [s\src\hotspot\share\interpreter\linkResolver.cpp, line 759]
Event: 4.799 Thread 0x000002880af7f000 Exception <a 'java/lang/NoSuchMethodError'{0x00000000eab54d10}: 'java.lang.Object java.lang.invoke.DirectMethodHandle$Holder.invokeInterface(java.lang.Object, java.lang.Object)'> (0x00000000eab54d10) 
thrown [s\src\hotspot\share\interpreter\linkResolver.cpp, line 759]
Event: 4.804 Thread 0x000002880af7f000 Exception <a 'java/lang/IncompatibleClassChangeError'{0x00000000eab58508}: Found class java.lang.Object, but interface was expected> (0x00000000eab58508) 
thrown [s\src\hotspot\share\interpreter\linkResolver.cpp, line 826]
Event: 4.806 Thread 0x000002880af7f000 Exception <a 'java/lang/NoSuchMethodError'{0x00000000eab5c9e8}: 'void java.lang.invoke.DirectMethodHandle$Holder.invokeStatic(java.lang.Object, java.lang.Object)'> (0x00000000eab5c9e8) 
thrown [s\src\hotspot\share\interpreter\linkResolver.cpp, line 759]
Event: 4.813 Thread 0x000002880af7f000 Exception <a 'java/lang/NoSuchMethodError'{0x00000000eab601e8}: 'void java.lang.invoke.DirectMethodHandle$Holder.invokeStaticInit(java.lang.Object, java.lang.Object)'> (0x00000000eab601e8) 
thrown [s\src\hotspot\share\interpreter\linkResolver.cpp, line 759]
Event: 4.816 Thread 0x000002880af7f000 Exception <a 'java/lang/NoSuchMethodError'{0x00000000eab67868}: 'int java.lang.invoke.DirectMethodHandle$Holder.invokeStaticInit(java.lang.Object, java.lang.Object)'> (0x00000000eab67868) 
thrown [s\src\hotspot\share\interpreter\linkResolver.cpp, line 759]
Event: 5.947 Thread 0x000002880af7f000 Exception <a 'java/lang/NoSuchMethodError'{0x00000000eb6bff08}: 'int java.lang.invoke.DirectMethodHandle$Holder.invokeSpecial(java.lang.Object, java.lang.Object, java.lang.Object)'> (0x00000000eb6bff08) 
thrown [s\src\hotspot\share\interpreter\linkResolver.cpp, line 759]
Event: 6.266 Thread 0x000002880af7f000 Exception <a 'java/lang/NoSuchMethodError'{0x00000000ebc48b68}: 'java.lang.Object java.lang.invoke.DirectMethodHandle$Holder.newInvokeSpecial(java.lang.Object, int, java.lang.Object)'> (0x00000000ebc48b68) 
thrown [s\src\hotspot\share\interpreter\linkResolver.cpp, line 759]

VM Operations (20 events):
Event: 2.552 Executing VM operation: HandshakeAllThreads
Event: 2.552 Executing VM operation: HandshakeAllThreads done
Event: 3.562 Executing VM operation: Cleanup
Event: 3.639 Executing VM operation: Cleanup done
Event: 4.301 Executing VM operation: HandshakeAllThreads
Event: 4.301 Executing VM operation: HandshakeAllThreads done
Event: 4.748 Executing VM operation: ParallelGCFailedAllocation
Event: 4.766 Executing VM operation: ParallelGCFailedAllocation done
Event: 5.775 Executing VM operation: Cleanup
Event: 5.797 Executing VM operation: Cleanup done
Event: 6.190 Executing VM operation: HandshakeAllThreads
Event: 6.190 Executing VM operation: HandshakeAllThreads done
Event: 6.196 Executing VM operation: HandshakeAllThreads
Event: 6.197 Executing VM operation: HandshakeAllThreads done
Event: 7.197 Executing VM operation: Cleanup
Event: 7.197 Executing VM operation: Cleanup done
Event: 16.251 Executing VM operation: Cleanup
Event: 16.251 Executing VM operation: Cleanup done
Event: 19.111 Executing VM operation: ParallelGCFailedAllocation
Event: 19.123 Executing VM operation: ParallelGCFailedAllocation done

Memory protections (0 events):
No events

Nmethod flushes (0 events):
No events

Events (20 events):
Event: 1.447 Thread 0x000002880af7f000 Thread added: 0x000002882431dac0
Event: 1.901 Thread 0x000002881edfccf0 Thread added: 0x00000288243b73c0
Event: 2.182 Thread 0x00000288243b73c0 Thread exited: 0x00000288243b73c0
Event: 2.398 Thread 0x000002881edf9f70 Thread added: 0x00000288243b73b0
Event: 2.650 Thread 0x00000288243b73b0 Thread exited: 0x00000288243b73b0
Event: 3.648 Thread 0x000002881edf9f70 Thread added: 0x0000028824601b20
Event: 3.966 Thread 0x0000028824601b20 Thread exited: 0x0000028824601b20
Event: 5.185 Thread 0x000002881edfccf0 Thread added: 0x0000028824bd6170
Event: 5.571 Thread 0x0000028824bd6170 Thread exited: 0x0000028824bd6170
Event: 5.999 Thread 0x000002880af7f000 Thread added: 0x0000028824b63800
Event: 6.002 Thread 0x0000028824b63800 Thread added: 0x0000028824b63ce0
Event: 6.018 Thread 0x000002880af7f000 Thread added: 0x0000028824469fa0
Event: 6.031 Thread 0x000002880af7f000 Thread added: 0x0000028824469a90
Event: 6.167 Thread 0x000002880af7f000 Thread added: 0x0000028824468b60
Event: 16.012 Thread 0x0000028824b63800 Thread exited: 0x0000028824b63800
Event: 16.012 Thread 0x0000028824b63ce0 Thread exited: 0x0000028824b63ce0
Event: 16.044 Thread 0x0000028824469fa0 Thread exited: 0x0000028824469fa0
Event: 16.076 Thread 0x0000028824469a90 Thread exited: 0x0000028824469a90
Event: 18.786 Thread 0x000002880af7f000 Thread added: 0x000002882446a9c0
Event: 18.806 Thread 0x000002880af7f000 Thread added: 0x0000028824469070


Dynamic libraries:
0x00007ff74f0d0000 - 0x00007ff74f0de000 	c:\Users\User\.vscode\extensions\redhat.java-1.36.0-win32-x64\jre\17.0.13-win32-x86_64\bin\java.exe
0x00007ffc47fb0000 - 0x00007ffc481a8000 	C:\Windows\SYSTEM32\ntdll.dll
0x00007ffc46cc0000 - 0x00007ffc46d82000 	C:\Windows\System32\KERNEL32.DLL
0x00007ffc457d0000 - 0x00007ffc45ace000 	C:\Windows\System32\KERNELBASE.dll
0x00007ffc45b70000 - 0x00007ffc45c70000 	C:\Windows\System32\ucrtbase.dll
0x00007ffc3d650000 - 0x00007ffc3d667000 	c:\Users\User\.vscode\extensions\redhat.java-1.36.0-win32-x64\jre\17.0.13-win32-x86_64\bin\jli.dll
0x00007ffc461e0000 - 0x00007ffc4637d000 	C:\Windows\System32\USER32.dll
0x00007ffc45700000 - 0x00007ffc45722000 	C:\Windows\System32\win32u.dll
0x00007ffc3fd10000 - 0x00007ffc3fd2e000 	c:\Users\User\.vscode\extensions\redhat.java-1.36.0-win32-x64\jre\17.0.13-win32-x86_64\bin\VCRUNTIME140.dll
0x00007ffc461b0000 - 0x00007ffc461db000 	C:\Windows\System32\GDI32.dll
0x00007ffc45e20000 - 0x00007ffc45f37000 	C:\Windows\System32\gdi32full.dll
0x00007ffc45730000 - 0x00007ffc457cd000 	C:\Windows\System32\msvcp_win.dll
0x00007ffc2d9d0000 - 0x00007ffc2dc6a000 	C:\Windows\WinSxS\amd64_microsoft.windows.common-controls_6595b64144ccf1df_6.0.19041.4355_none_60b8b9eb71f62e16\COMCTL32.dll
0x00007ffc46840000 - 0x00007ffc468de000 	C:\Windows\System32\msvcrt.dll
0x00007ffc475e0000 - 0x00007ffc4760f000 	C:\Windows\System32\IMM32.DLL
0x00007ffc41050000 - 0x00007ffc4105c000 	c:\Users\User\.vscode\extensions\redhat.java-1.36.0-win32-x64\jre\17.0.13-win32-x86_64\bin\vcruntime140_1.dll
0x00007ffc1fff0000 - 0x00007ffc2007d000 	c:\Users\User\.vscode\extensions\redhat.java-1.36.0-win32-x64\jre\17.0.13-win32-x86_64\bin\msvcp140.dll
0x00007ffc07c10000 - 0x00007ffc0887b000 	c:\Users\User\.vscode\extensions\redhat.java-1.36.0-win32-x64\jre\17.0.13-win32-x86_64\bin\server\jvm.dll
0x00007ffc46ee0000 - 0x00007ffc46f92000 	C:\Windows\System32\ADVAPI32.dll
0x00007ffc46440000 - 0x00007ffc464e0000 	C:\Windows\System32\sechost.dll
0x00007ffc46080000 - 0x00007ffc461a3000 	C:\Windows\System32\RPCRT4.dll
0x00007ffc45ad0000 - 0x00007ffc45af7000 	C:\Windows\System32\bcrypt.dll
0x00007ffc47670000 - 0x00007ffc476db000 	C:\Windows\System32\WS2_32.dll
0x00007ffc454b0000 - 0x00007ffc454fb000 	C:\Windows\SYSTEM32\POWRPROF.dll
0x00007ffc2fd80000 - 0x00007ffc2fda7000 	C:\Windows\SYSTEM32\WINMM.dll
0x00007ffc3c230000 - 0x00007ffc3c23a000 	C:\Windows\SYSTEM32\VERSION.dll
0x00007ffc45490000 - 0x00007ffc454a2000 	C:\Windows\SYSTEM32\UMPDC.dll
0x00007ffc43e70000 - 0x00007ffc43e82000 	C:\Windows\SYSTEM32\kernel.appcore.dll
0x00007ffc41020000 - 0x00007ffc4102a000 	c:\Users\User\.vscode\extensions\redhat.java-1.36.0-win32-x64\jre\17.0.13-win32-x86_64\bin\jimage.dll
0x00007ffc43b90000 - 0x00007ffc43d74000 	C:\Windows\SYSTEM32\DBGHELP.DLL
0x00007ffc29730000 - 0x00007ffc29764000 	C:\Windows\SYSTEM32\dbgcore.DLL
0x00007ffc45f40000 - 0x00007ffc45fc2000 	C:\Windows\System32\bcryptPrimitives.dll
0x00007ffc3e420000 - 0x00007ffc3e42e000 	c:\Users\User\.vscode\extensions\redhat.java-1.36.0-win32-x64\jre\17.0.13-win32-x86_64\bin\instrument.dll
0x00007ffc2df50000 - 0x00007ffc2df75000 	c:\Users\User\.vscode\extensions\redhat.java-1.36.0-win32-x64\jre\17.0.13-win32-x86_64\bin\java.dll
0x00007ffc2d220000 - 0x00007ffc2d238000 	c:\Users\User\.vscode\extensions\redhat.java-1.36.0-win32-x64\jre\17.0.13-win32-x86_64\bin\zip.dll
0x00007ffc476e0000 - 0x00007ffc47e4f000 	C:\Windows\System32\SHELL32.dll
0x00007ffc43310000 - 0x00007ffc43ab4000 	C:\Windows\SYSTEM32\windows.storage.dll
0x00007ffc464e0000 - 0x00007ffc46833000 	C:\Windows\System32\combase.dll
0x00007ffc44fb0000 - 0x00007ffc44fde000 	C:\Windows\SYSTEM32\Wldp.dll
0x00007ffc46fa0000 - 0x00007ffc4706d000 	C:\Windows\System32\OLEAUT32.dll
0x00007ffc45fd0000 - 0x00007ffc4607d000 	C:\Windows\System32\SHCORE.dll
0x00007ffc46380000 - 0x00007ffc463d5000 	C:\Windows\System32\shlwapi.dll
0x00007ffc45580000 - 0x00007ffc455a4000 	C:\Windows\SYSTEM32\profapi.dll
0x00007ffc2b7c0000 - 0x00007ffc2b7d9000 	C:\Users\User\.vscode\extensions\redhat.java-1.36.0-win32-x64\jre\17.0.13-win32-x86_64\bin\net.dll
0x00007ffc3dca0000 - 0x00007ffc3ddad000 	C:\Windows\SYSTEM32\WINHTTP.dll
0x00007ffc44d10000 - 0x00007ffc44d7a000 	C:\Windows\system32\mswsock.dll
0x00007ffc2b4f0000 - 0x00007ffc2b506000 	C:\Users\User\.vscode\extensions\redhat.java-1.36.0-win32-x64\jre\17.0.13-win32-x86_64\bin\nio.dll
0x00007ffc3a8e0000 - 0x00007ffc3a8f0000 	c:\Users\User\.vscode\extensions\redhat.java-1.36.0-win32-x64\jre\17.0.13-win32-x86_64\bin\verify.dll

dbghelp: loaded successfully - version: 4.0.5 - missing functions: none
symbol engine: initialized successfully - sym options: 0x614 - pdb path: .;c:\Users\User\.vscode\extensions\redhat.java-1.36.0-win32-x64\jre\17.0.13-win32-x86_64\bin;C:\Windows\SYSTEM32;C:\Windows\WinSxS\amd64_microsoft.windows.common-controls_6595b64144ccf1df_6.0.19041.4355_none_60b8b9eb71f62e16;c:\Users\User\.vscode\extensions\redhat.java-1.36.0-win32-x64\jre\17.0.13-win32-x86_64\bin\server

VM Arguments:
jvm_args: --add-modules=ALL-SYSTEM --add-opens=java.base/java.util=ALL-UNNAMED --add-opens=java.base/java.lang=ALL-UNNAMED --add-opens=java.base/sun.nio.fs=ALL-UNNAMED -Declipse.application=org.eclipse.jdt.ls.core.id1 -Dosgi.bundles.defaultStartLevel=4 -Declipse.product=org.eclipse.jdt.ls.core.product -Djava.import.generatesMetadataFilesAtProjectRoot=false -DDetectVMInstallationsJob.disabled=true -Dfile.encoding=utf8 -XX:+UseParallelGC -XX:GCTimeRatio=4 -XX:AdaptiveSizePolicyWeight=90 -Dsun.zip.disableMemoryMapping=true -Xmx1G -Xms100m -Xlog:disable -javaagent:c:\Users\User\.vscode\extensions\redhat.java-1.36.0-win32-x64\lombok\lombok-1.18.35.jar -XX:+HeapDumpOnOutOfMemoryError -XX:HeapDumpPath=c:\Users\User\AppData\Roaming\Code\User\workspaceStorage\70c2d60812f04139b52a067c0d973b6f\redhat.java -Daether.dependencyCollector.impl=bf 
java_command: c:\Users\User\.vscode\extensions\redhat.java-1.36.0-win32-x64\server\plugins\org.eclipse.equinox.launcher_1.6.900.v20240613-2009.jar -configuration c:\Users\User\AppData\Roaming\Code\User\globalStorage\redhat.java\1.36.0\config_win -data c:\Users\User\AppData\Roaming\Code\User\workspaceStorage\70c2d60812f04139b52a067c0d973b6f\redhat.java\jdt_ws --pipe=\\.\pipe\lsp-35842eb9efc8fd3d95e192352304f2a1-sock
java_class_path (initial): c:\Users\User\.vscode\extensions\redhat.java-1.36.0-win32-x64\server\plugins\org.eclipse.equinox.launcher_1.6.900.v20240613-2009.jar
Launcher Type: SUN_STANDARD

[Global flags]
    uintx AdaptiveSizePolicyWeight                 = 90                                        {product} {command line}
     intx CICompilerCount                          = 3                                         {product} {ergonomic}
    uintx GCTimeRatio                              = 4                                         {product} {command line}
     bool HeapDumpOnOutOfMemoryError               = true                                   {manageable} {command line}
    ccstr HeapDumpPath                             = c:\Users\User\AppData\Roaming\Code\User\workspaceStorage\70c2d60812f04139b52a067c0d973b6f\redhat.java         {manageable} {command line}
   size_t InitialHeapSize                          = 104857600                                 {product} {command line}
   size_t MaxHeapSize                              = 1073741824                                {product} {command line}
   size_t MaxNewSize                               = 357564416                                 {product} {ergonomic}
   size_t MinHeapDeltaBytes                        = 524288                                    {product} {ergonomic}
   size_t MinHeapSize                              = 104857600                                 {product} {command line}
   size_t NewSize                                  = 34603008                                  {product} {ergonomic}
    uintx NonNMethodCodeHeapSize                   = 5832780                                {pd product} {ergonomic}
    uintx NonProfiledCodeHeapSize                  = 122912730                              {pd product} {ergonomic}
   size_t OldSize                                  = 70254592                                  {product} {ergonomic}
    uintx ProfiledCodeHeapSize                     = 122912730                              {pd product} {ergonomic}
    uintx ReservedCodeCacheSize                    = 251658240                              {pd product} {ergonomic}
     bool SegmentedCodeCache                       = true                                      {product} {ergonomic}
   size_t SoftMaxHeapSize                          = 1073741824                             {manageable} {ergonomic}
     bool UseCompressedClassPointers               = true                           {product lp64_product} {ergonomic}
     bool UseCompressedOops                        = true                           {product lp64_product} {ergonomic}
     bool UseLargePagesIndividualAllocation        = false                                  {pd product} {ergonomic}
     bool UseParallelGC                            = true                                      {product} {command line}

Logging:
Log output configuration:
 #0: stdout all=off uptime,level,tags
 #1: stderr all=off uptime,level,tags

Environment Variables:
PATH=C:\Program Files\Common Files\Oracle\Java\javapath;C:\Windows\system32;C:\Windows;C:\Windows\System32\Wbem;C:\Windows\System32\WindowsPowerShell\v1.0\;C:\Windows\System32\OpenSSH\;C:\Program Files (x86)\NVIDIA Corporation\PhysX\Common;C:\Program Files\PuTTY\;C:\Users\User\AppData\Local\Microsoft\WindowsApps;C:\Users\User\AppData\Local\GitHubDesktop\bin;C:\Users\User\AppData\Local\Programs\Microsoft VS Code\bin
USERNAME=User
OS=Windows_NT
PROCESSOR_IDENTIFIER=Intel64 Family 6 Model 122 Stepping 1, GenuineIntel
TMP=C:\Users\User\AppData\Local\Temp
TEMP=C:\Users\User\AppData\Local\Temp



Periodic native trim disabled


---------------  S Y S T E M  ---------------

OS:
 Windows 10 , 64 bit Build 19041 (10.0.19041.4957)
OS uptime: 4 days 3:54 hours

CPU: total 4 (initial active 4) (4 cores per cpu, 1 threads per core) family 6 model 122 stepping 1 microcode 0x2e, cx8, cmov, fxsr, mmx, 3dnowpref, sse, sse2, sse3, ssse3, sse4.1, sse4.2, popcnt, tsc, tscinvbit, aes, erms, clmul, sha, clflush, clflushopt
Processor Information for all 4 processors :
  Max Mhz: 1101, Current Mhz: 1101, Mhz Limit: 1101

Memory: 4k page, system-wide physical 3927M (565M free)
TotalPageFile size 10435M (AvailPageFile size 4017M)
current process WorkingSet (physical memory assigned to process): 86M, peak: 86M
current process commit charge ("private bytes"): 190M, peak: 191M

vm_info: OpenJDK 64-Bit Server VM (17.0.13+11) for windows-amd64 JRE (17.0.13+11), built on Oct 16 2024 00:10:08 by "admin" with MS VC++ 17.7 (VS2022)

END.
